<?xml version="1.0" encoding="UTF-8"?>
<testsuite xmlns:xsi="http://www.w3.org/2001/XMLSchema-instance" xsi:noNamespaceSchemaLocation="https://maven.apache.org/surefire/maven-surefire-plugin/xsd/surefire-test-report-3.0.xsd" version="3.0" name="br.com.jtigik.service.TransacaoServiceTest" time="0.009" tests="2" errors="0" skipped="2" failures="0">
  <properties/>
  <testcase name="deveValidarCamposObrigatoriosAoSalvar(Long, String, Double, LocalDate, Conta, Boolean, String)" classname="br.com.jtigik.service.TransacaoServiceTest" time="0.0">
    <skipped message="@EnabledIf(&quot;isHoraValida&quot;) evaluated to false"/>
  </testcase>
  <testcase name="deveSalvarTransacaoValida" classname="br.com.jtigik.service.TransacaoServiceTest" time="0.0">
    <skipped message="@EnabledIf(&quot;isHoraValida&quot;) evaluated to false"/>
  </testcase>
</testsuite>