<?xml version="1.0" encoding="UTF-8"?>
<testsuite xmlns:xsi="http://www.w3.org/2001/XMLSchema-instance" xsi:noNamespaceSchemaLocation="https://maven.apache.org/surefire/maven-surefire-plugin/xsd/surefire-test-report-3.0.xsd" version="3.0" name="br.com.jtigik.service.ContaServiceTest" time="0.506" tests="4" errors="2" skipped="0" failures="1">
  <properties>
    <property name="java.specification.version" value="23"/>
    <property name="sun.cpu.isalist" value="amd64"/>
    <property name="sun.jnu.encoding" value="Cp1252"/>
    <property name="java.class.path" value="C:\Users\Jeferson Tigik\OneDrive\SENAC - Tech\INF3N231\02 - Java-Teste+JUnit\00 - Fontes\demo\target\test-classes;C:\Users\Jeferson Tigik\OneDrive\SENAC - Tech\INF3N231\02 - Java-Teste+JUnit\00 - Fontes\demo\target\classes;C:\Users\Jeferson Tigik\.m2\repository\org\junit\jupiter\junit-jupiter-api\5.11.3\junit-jupiter-api-5.11.3.jar;C:\Users\Jeferson Tigik\.m2\repository\org\opentest4j\opentest4j\1.3.0\opentest4j-1.3.0.jar;C:\Users\Jeferson Tigik\.m2\repository\org\junit\platform\junit-platform-commons\1.11.3\junit-platform-commons-1.11.3.jar;C:\Users\Jeferson Tigik\.m2\repository\org\apiguardian\apiguardian-api\1.1.2\apiguardian-api-1.1.2.jar;C:\Users\Jeferson Tigik\.m2\repository\org\junit\jupiter\junit-jupiter-engine\5.11.3\junit-jupiter-engine-5.11.3.jar;C:\Users\Jeferson Tigik\.m2\repository\org\junit\platform\junit-platform-engine\1.11.3\junit-platform-engine-1.11.3.jar;C:\Users\Jeferson Tigik\.m2\repository\org\junit\jupiter\junit-jupiter-params\5.11.3\junit-jupiter-params-5.11.3.jar;C:\Users\Jeferson Tigik\.m2\repository\org\apache\maven\plugins\maven-compiler-plugin\3.13.0\maven-compiler-plugin-3.13.0.jar;C:\Users\Jeferson Tigik\.m2\repository\org\apache\maven\shared\maven-shared-utils\3.4.2\maven-shared-utils-3.4.2.jar;C:\Users\Jeferson Tigik\.m2\repository\org\slf4j\slf4j-api\1.7.36\slf4j-api-1.7.36.jar;C:\Users\Jeferson Tigik\.m2\repository\commons-io\commons-io\2.11.0\commons-io-2.11.0.jar;C:\Users\Jeferson Tigik\.m2\repository\org\apache\maven\shared\maven-shared-incremental\1.1\maven-shared-incremental-1.1.jar;C:\Users\Jeferson Tigik\.m2\repository\org\codehaus\plexus\plexus-java\1.2.0\plexus-java-1.2.0.jar;C:\Users\Jeferson Tigik\.m2\repository\org\ow2\asm\asm\9.6\asm-9.6.jar;C:\Users\Jeferson Tigik\.m2\repository\com\thoughtworks\qdox\qdox\2.0.3\qdox-2.0.3.jar;C:\Users\Jeferson Tigik\.m2\repository\org\codehaus\plexus\plexus-compiler-api\2.15.0\plexus-compiler-api-2.15.0.jar;C:\Users\Jeferson Tigik\.m2\repository\org\codehaus\plexus\plexus-compiler-manager\2.15.0\plexus-compiler-manager-2.15.0.jar;C:\Users\Jeferson Tigik\.m2\repository\javax\inject\javax.inject\1\javax.inject-1.jar;C:\Users\Jeferson Tigik\.m2\repository\org\codehaus\plexus\plexus-xml\3.0.0\plexus-xml-3.0.0.jar;C:\Users\Jeferson Tigik\.m2\repository\org\codehaus\plexus\plexus-compiler-javac\2.15.0\plexus-compiler-javac-2.15.0.jar;C:\Users\Jeferson Tigik\.m2\repository\org\codehaus\plexus\plexus-utils\4.0.0\plexus-utils-4.0.0.jar;C:\Users\Jeferson Tigik\.m2\repository\org\mockito\mockito-core\4.11.0\mockito-core-4.11.0.jar;C:\Users\Jeferson Tigik\.m2\repository\net\bytebuddy\byte-buddy\1.12.19\byte-buddy-1.12.19.jar;C:\Users\Jeferson Tigik\.m2\repository\net\bytebuddy\byte-buddy-agent\1.12.19\byte-buddy-agent-1.12.19.jar;C:\Users\Jeferson Tigik\.m2\repository\org\objenesis\objenesis\3.3\objenesis-3.3.jar;C:\Users\Jeferson Tigik\.m2\repository\org\mockito\mockito-junit-jupiter\4.11.0\mockito-junit-jupiter-4.11.0.jar;"/>
    <property name="java.vm.vendor" value="Oracle Corporation"/>
    <property name="sun.arch.data.model" value="64"/>
    <property name="user.variant" value=""/>
    <property name="java.vendor.url" value="https://java.oracle.com/"/>
    <property name="user.timezone" value="America/Sao_Paulo"/>
    <property name="os.name" value="Windows 11"/>
    <property name="java.vm.specification.version" value="23"/>
    <property name="user.country" value="US"/>
    <property name="sun.java.launcher" value="SUN_STANDARD"/>
    <property name="sun.boot.library.path" value="C:\Program Files\Java\jdk-23\bin"/>
    <property name="sun.java.command" value="C:\Users\Jeferson Tigik\AppData\Local\Temp\surefire2275311242470243015\surefirebooter-20241201234524492_3.jar C:\Users\Jeferson Tigik\AppData\Local\Temp\surefire2275311242470243015 2024-12-01T23-45-24_387-jvmRun1 surefire-20241201234524492_1tmp surefire_0-20241201234524492_2tmp"/>
    <property name="jdk.debug" value="release"/>
    <property name="test" value="br.com.jtigik.service.ContaServiceTest"/>
    <property name="surefire.test.class.path" value="C:\Users\Jeferson Tigik\OneDrive\SENAC - Tech\INF3N231\02 - Java-Teste+JUnit\00 - Fontes\demo\target\test-classes;C:\Users\Jeferson Tigik\OneDrive\SENAC - Tech\INF3N231\02 - Java-Teste+JUnit\00 - Fontes\demo\target\classes;C:\Users\Jeferson Tigik\.m2\repository\org\junit\jupiter\junit-jupiter-api\5.11.3\junit-jupiter-api-5.11.3.jar;C:\Users\Jeferson Tigik\.m2\repository\org\opentest4j\opentest4j\1.3.0\opentest4j-1.3.0.jar;C:\Users\Jeferson Tigik\.m2\repository\org\junit\platform\junit-platform-commons\1.11.3\junit-platform-commons-1.11.3.jar;C:\Users\Jeferson Tigik\.m2\repository\org\apiguardian\apiguardian-api\1.1.2\apiguardian-api-1.1.2.jar;C:\Users\Jeferson Tigik\.m2\repository\org\junit\jupiter\junit-jupiter-engine\5.11.3\junit-jupiter-engine-5.11.3.jar;C:\Users\Jeferson Tigik\.m2\repository\org\junit\platform\junit-platform-engine\1.11.3\junit-platform-engine-1.11.3.jar;C:\Users\Jeferson Tigik\.m2\repository\org\junit\jupiter\junit-jupiter-params\5.11.3\junit-jupiter-params-5.11.3.jar;C:\Users\Jeferson Tigik\.m2\repository\org\apache\maven\plugins\maven-compiler-plugin\3.13.0\maven-compiler-plugin-3.13.0.jar;C:\Users\Jeferson Tigik\.m2\repository\org\apache\maven\shared\maven-shared-utils\3.4.2\maven-shared-utils-3.4.2.jar;C:\Users\Jeferson Tigik\.m2\repository\org\slf4j\slf4j-api\1.7.36\slf4j-api-1.7.36.jar;C:\Users\Jeferson Tigik\.m2\repository\commons-io\commons-io\2.11.0\commons-io-2.11.0.jar;C:\Users\Jeferson Tigik\.m2\repository\org\apache\maven\shared\maven-shared-incremental\1.1\maven-shared-incremental-1.1.jar;C:\Users\Jeferson Tigik\.m2\repository\org\codehaus\plexus\plexus-java\1.2.0\plexus-java-1.2.0.jar;C:\Users\Jeferson Tigik\.m2\repository\org\ow2\asm\asm\9.6\asm-9.6.jar;C:\Users\Jeferson Tigik\.m2\repository\com\thoughtworks\qdox\qdox\2.0.3\qdox-2.0.3.jar;C:\Users\Jeferson Tigik\.m2\repository\org\codehaus\plexus\plexus-compiler-api\2.15.0\plexus-compiler-api-2.15.0.jar;C:\Users\Jeferson Tigik\.m2\repository\org\codehaus\plexus\plexus-compiler-manager\2.15.0\plexus-compiler-manager-2.15.0.jar;C:\Users\Jeferson Tigik\.m2\repository\javax\inject\javax.inject\1\javax.inject-1.jar;C:\Users\Jeferson Tigik\.m2\repository\org\codehaus\plexus\plexus-xml\3.0.0\plexus-xml-3.0.0.jar;C:\Users\Jeferson Tigik\.m2\repository\org\codehaus\plexus\plexus-compiler-javac\2.15.0\plexus-compiler-javac-2.15.0.jar;C:\Users\Jeferson Tigik\.m2\repository\org\codehaus\plexus\plexus-utils\4.0.0\plexus-utils-4.0.0.jar;C:\Users\Jeferson Tigik\.m2\repository\org\mockito\mockito-core\4.11.0\mockito-core-4.11.0.jar;C:\Users\Jeferson Tigik\.m2\repository\net\bytebuddy\byte-buddy\1.12.19\byte-buddy-1.12.19.jar;C:\Users\Jeferson Tigik\.m2\repository\net\bytebuddy\byte-buddy-agent\1.12.19\byte-buddy-agent-1.12.19.jar;C:\Users\Jeferson Tigik\.m2\repository\org\objenesis\objenesis\3.3\objenesis-3.3.jar;C:\Users\Jeferson Tigik\.m2\repository\org\mockito\mockito-junit-jupiter\4.11.0\mockito-junit-jupiter-4.11.0.jar;"/>
    <property name="sun.cpu.endian" value="little"/>
    <property name="user.home" value="C:\Users\Jeferson Tigik"/>
    <property name="user.language" value="en"/>
    <property name="java.specification.vendor" value="Oracle Corporation"/>
    <property name="java.version.date" value="2024-10-15"/>
    <property name="java.home" value="C:\Program Files\Java\jdk-23"/>
    <property name="file.separator" value="\"/>
    <property name="basedir" value="C:\Users\Jeferson Tigik\OneDrive\SENAC - Tech\INF3N231\02 - Java-Teste+JUnit\00 - Fontes\demo"/>
    <property name="java.vm.compressedOopsMode" value="Zero based"/>
    <property name="line.separator" value="&#10;"/>
    <property name="java.vm.specification.vendor" value="Oracle Corporation"/>
    <property name="java.specification.name" value="Java Platform API Specification"/>
    <property name="surefire.real.class.path" value="C:\Users\Jeferson Tigik\AppData\Local\Temp\surefire2275311242470243015\surefirebooter-20241201234524492_3.jar"/>
    <property name="user.script" value=""/>
    <property name="sun.management.compiler" value="HotSpot 64-Bit Tiered Compilers"/>
    <property name="java.runtime.version" value="23.0.1+11-39"/>
    <property name="user.name" value="Jeferson Tigik"/>
    <property name="stdout.encoding" value="Cp1252"/>
    <property name="path.separator" value=";"/>
    <property name="os.version" value="10.0"/>
    <property name="java.runtime.name" value="Java(TM) SE Runtime Environment"/>
    <property name="file.encoding" value="UTF-8"/>
    <property name="java.vm.name" value="Java HotSpot(TM) 64-Bit Server VM"/>
    <property name="maven.ext.class.path" value="C:\Users\Jeferson Tigik\.vscode\extensions\oracle.oracle-java-23.0.1\nbcode\java\maven-nblib\netbeans-eventspy.jar"/>
    <property name="localRepository" value="C:\Users\Jeferson Tigik\.m2\repository"/>
    <property name="java.vendor.url.bug" value="https://bugreport.java.com/bugreport/"/>
    <property name="java.io.tmpdir" value="C:\Users\JEFERS~1\AppData\Local\Temp\"/>
    <property name="java.version" value="23.0.1"/>
    <property name="user.dir" value="C:\Users\Jeferson Tigik\OneDrive\SENAC - Tech\INF3N231\02 - Java-Teste+JUnit\00 - Fontes\demo"/>
    <property name="os.arch" value="amd64"/>
    <property name="java.vm.specification.name" value="Java Virtual Machine Specification"/>
    <property name="sun.os.patch.level" value=""/>
    <property name="native.encoding" value="Cp1252"/>
    <property name="java.library.path" value="C:\Program Files\Java\jdk-23\bin;C:\WINDOWS\Sun\Java\bin;C:\WINDOWS\system32;C:\WINDOWS;C:\Program Files\Common Files\Oracle\Java\javapath;C:\WINDOWS\system32;C:\WINDOWS;C:\WINDOWS\System32\Wbem;C:\WINDOWS\System32\WindowsPowerShell\v1.0\;C:\WINDOWS\System32\OpenSSH\;C:\Program Files (x86)\dotnet\;C:\Program Files\nodejs\;C:\Program Files (x86)\NVIDIA Corporation\PhysX\Common;C:\Program Files\NVIDIA Corporation\NVIDIA NvDLISR;C:\Program Files\Microsoft SQL Server\150\Tools\Binn\;C:\Program Files\dotnet\;C:\Program Files (x86)\Windows Kits\10\Windows Performance Toolkit\;C:\Program Files\Mullvad VPN\resources;C:\Program Files\Git\cmd;C:\Users\Jeferson Tigik\AppData\Local\Programs\Python\Python312\Scripts\;C:\Users\Jeferson Tigik\AppData\Local\Programs\Python\Python312\;C:\Users\Jeferson Tigik\AppData\Local\Microsoft\WindowsApps;C:\Users\Jeferson Tigik\AppData\Roaming\npm;C:\Program Files\nodejs;C:\Users\Jeferson Tigik\.dotnet\tools;C:\Users\Jeferson Tigik\AppData\Local\Programs\Microsoft VS Code\bin;C:\Users\Jeferson Tigik\.fly\bin;C:\Users\Jeferson Tigik\.dotnet\tools;."/>
    <property name="java.vm.info" value="mixed mode, sharing"/>
    <property name="stderr.encoding" value="Cp1252"/>
    <property name="java.vendor" value="Oracle Corporation"/>
    <property name="java.vm.version" value="23.0.1+11-39"/>
    <property name="sun.io.unicode.encoding" value="UnicodeLittle"/>
    <property name="java.class.version" value="67.0"/>
  </properties>
  <testcase name="deveRejeitarContaRepetida" classname="br.com.jtigik.service.ContaServiceTest" time="0.442"/>
  <testcase name="deveSalvarPrimeiraContaComSucesso" classname="br.com.jtigik.service.ContaServiceTest" time="0.022">
    <error message="&#10;Strict stubbing argument mismatch. Please check:&#10; - this invocation of &apos;salvar&apos; method:&#10;    repository.salvar(&#10;    Conta [id=null, nome=Conta Válida2024-12-01T23:45:25.737556700, usuario=Usuario [id=1, nome=Usuário válido, email=user@mail.com, senha=123456]]&#10;);&#10;    -&gt; at br.com.jtigik.service.ContaService.salvar(ContaService.java:29)&#10; - has following stubbing(s) with different arguments:&#10;    1. repository.salvar(&#10;    Conta [id=null, nome=Conta Válida, usuario=Usuario [id=1, nome=Usuário válido, email=user@mail.com, senha=123456]]&#10;);&#10;      -&gt; at br.com.jtigik.service.ContaServiceTest.deveSalvarPrimeiraContaComSucesso(ContaServiceTest.java:35)&#10;Typically, stubbing argument mismatch indicates user mistake when writing tests.&#10;Mockito fails early so that you can debug potential problem easily.&#10;However, there are legit scenarios when this exception generates false negative signal:&#10;  - stubbing the same method multiple times using &apos;given().will()&apos; or &apos;when().then()&apos; API&#10;    Please use &apos;will().given()&apos; or &apos;doReturn().when()&apos; API for stubbing.&#10;  - stubbed method is intentionally invoked with different arguments by code under test&#10;    Please use default or &apos;silent&apos; JUnit Rule (equivalent of Strictness.LENIENT).&#10;For more information see javadoc for PotentialStubbingProblem class." type="org.mockito.exceptions.misusing.PotentialStubbingProblem"><![CDATA[org.mockito.exceptions.misusing.PotentialStubbingProblem: 

Strict stubbing argument mismatch. Please check:
 - this invocation of 'salvar' method:
    repository.salvar(
    Conta [id=null, nome=Conta Válida2024-12-01T23:45:25.737556700, usuario=Usuario [id=1, nome=Usuário válido, email=user@mail.com, senha=123456]]
);
    -> at br.com.jtigik.service.ContaService.salvar(ContaService.java:29)
 - has following stubbing(s) with different arguments:
    1. repository.salvar(
    Conta [id=null, nome=Conta Válida, usuario=Usuario [id=1, nome=Usuário válido, email=user@mail.com, senha=123456]]
);
      -> at br.com.jtigik.service.ContaServiceTest.deveSalvarPrimeiraContaComSucesso(ContaServiceTest.java:35)
Typically, stubbing argument mismatch indicates user mistake when writing tests.
Mockito fails early so that you can debug potential problem easily.
However, there are legit scenarios when this exception generates false negative signal:
  - stubbing the same method multiple times using 'given().will()' or 'when().then()' API
    Please use 'will().given()' or 'doReturn().when()' API for stubbing.
  - stubbed method is intentionally invoked with different arguments by code under test
    Please use default or 'silent' JUnit Rule (equivalent of Strictness.LENIENT).
For more information see javadoc for PotentialStubbingProblem class.
	at br.com.jtigik.service.ContaService.salvar(ContaService.java:29)
	at br.com.jtigik.service.ContaServiceTest.deveSalvarPrimeiraContaComSucesso(ContaServiceTest.java:39)
	at java.base/java.lang.reflect.Method.invoke(Method.java:580)
	at java.base/java.util.ArrayList.forEach(ArrayList.java:1597)
	at java.base/java.util.ArrayList.forEach(ArrayList.java:1597)
]]></error>
  </testcase>
  <testcase name="deveSalvarContaMesmoJaExistindoOutras" classname="br.com.jtigik.service.ContaServiceTest" time="0.005">
    <error message="&#10;Strict stubbing argument mismatch. Please check:&#10; - this invocation of &apos;salvar&apos; method:&#10;    repository.salvar(&#10;    Conta [id=null, nome=Conta Válida2024-12-01T23:45:25.753905700, usuario=Usuario [id=1, nome=Usuário válido, email=user@mail.com, senha=123456]]&#10;);&#10;    -&gt; at br.com.jtigik.service.ContaService.salvar(ContaService.java:29)&#10; - has following stubbing(s) with different arguments:&#10;    1. repository.salvar(&#10;    Conta [id=null, nome=Conta Válida, usuario=Usuario [id=1, nome=Usuário válido, email=user@mail.com, senha=123456]]&#10;);&#10;      -&gt; at br.com.jtigik.service.ContaServiceTest.deveSalvarContaMesmoJaExistindoOutras(ContaServiceTest.java:49)&#10;Typically, stubbing argument mismatch indicates user mistake when writing tests.&#10;Mockito fails early so that you can debug potential problem easily.&#10;However, there are legit scenarios when this exception generates false negative signal:&#10;  - stubbing the same method multiple times using &apos;given().will()&apos; or &apos;when().then()&apos; API&#10;    Please use &apos;will().given()&apos; or &apos;doReturn().when()&apos; API for stubbing.&#10;  - stubbed method is intentionally invoked with different arguments by code under test&#10;    Please use default or &apos;silent&apos; JUnit Rule (equivalent of Strictness.LENIENT).&#10;For more information see javadoc for PotentialStubbingProblem class." type="org.mockito.exceptions.misusing.PotentialStubbingProblem"><![CDATA[org.mockito.exceptions.misusing.PotentialStubbingProblem: 

Strict stubbing argument mismatch. Please check:
 - this invocation of 'salvar' method:
    repository.salvar(
    Conta [id=null, nome=Conta Válida2024-12-01T23:45:25.753905700, usuario=Usuario [id=1, nome=Usuário válido, email=user@mail.com, senha=123456]]
);
    -> at br.com.jtigik.service.ContaService.salvar(ContaService.java:29)
 - has following stubbing(s) with different arguments:
    1. repository.salvar(
    Conta [id=null, nome=Conta Válida, usuario=Usuario [id=1, nome=Usuário válido, email=user@mail.com, senha=123456]]
);
      -> at br.com.jtigik.service.ContaServiceTest.deveSalvarContaMesmoJaExistindoOutras(ContaServiceTest.java:49)
Typically, stubbing argument mismatch indicates user mistake when writing tests.
Mockito fails early so that you can debug potential problem easily.
However, there are legit scenarios when this exception generates false negative signal:
  - stubbing the same method multiple times using 'given().will()' or 'when().then()' API
    Please use 'will().given()' or 'doReturn().when()' API for stubbing.
  - stubbed method is intentionally invoked with different arguments by code under test
    Please use default or 'silent' JUnit Rule (equivalent of Strictness.LENIENT).
For more information see javadoc for PotentialStubbingProblem class.
	at br.com.jtigik.service.ContaService.salvar(ContaService.java:29)
	at br.com.jtigik.service.ContaServiceTest.deveSalvarContaMesmoJaExistindoOutras(ContaServiceTest.java:51)
	at java.base/java.lang.reflect.Method.invoke(Method.java:580)
	at java.base/java.util.ArrayList.forEach(ArrayList.java:1597)
	at java.base/java.util.ArrayList.forEach(ArrayList.java:1597)
]]></error>
  </testcase>
  <testcase name="naoDeveManterContaSemEvento" classname="br.com.jtigik.service.ContaServiceTest" time="0.007">
    <failure message="expected: &lt;Falha na criação da Conta, tente novamente!&gt; but was: &lt;&#10;Strict stubbing argument mismatch. Please check:&#10; - this invocation of &apos;salvar&apos; method:&#10;    repository.salvar(&#10;    Conta [id=null, nome=Conta Válida2024-12-01T23:45:25.761358600, usuario=Usuario [id=1, nome=Usuário válido, email=user@mail.com, senha=123456]]&#10;);&#10;    -&gt; at br.com.jtigik.service.ContaService.salvar(ContaService.java:29)&#10; - has following stubbing(s) with different arguments:&#10;    1. repository.salvar(&#10;    Conta [id=null, nome=Conta Válida, usuario=Usuario [id=1, nome=Usuário válido, email=user@mail.com, senha=123456]]&#10;);&#10;      -&gt; at br.com.jtigik.service.ContaServiceTest.naoDeveManterContaSemEvento(ContaServiceTest.java:72)&#10;Typically, stubbing argument mismatch indicates user mistake when writing tests.&#10;Mockito fails early so that you can debug potential problem easily.&#10;However, there are legit scenarios when this exception generates false negative signal:&#10;  - stubbing the same method multiple times using &apos;given().will()&apos; or &apos;when().then()&apos; API&#10;    Please use &apos;will().given()&apos; or &apos;doReturn().when()&apos; API for stubbing.&#10;  - stubbed method is intentionally invoked with different arguments by code under test&#10;    Please use default or &apos;silent&apos; JUnit Rule (equivalent of Strictness.LENIENT).&#10;For more information see javadoc for PotentialStubbingProblem class.&gt;" type="org.opentest4j.AssertionFailedError"><![CDATA[org.opentest4j.AssertionFailedError: 
expected: <Falha na criação da Conta, tente novamente!> but was: <
Strict stubbing argument mismatch. Please check:
 - this invocation of 'salvar' method:
    repository.salvar(
    Conta [id=null, nome=Conta Válida2024-12-01T23:45:25.761358600, usuario=Usuario [id=1, nome=Usuário válido, email=user@mail.com, senha=123456]]
);
    -> at br.com.jtigik.service.ContaService.salvar(ContaService.java:29)
 - has following stubbing(s) with different arguments:
    1. repository.salvar(
    Conta [id=null, nome=Conta Válida, usuario=Usuario [id=1, nome=Usuário válido, email=user@mail.com, senha=123456]]
);
      -> at br.com.jtigik.service.ContaServiceTest.naoDeveManterContaSemEvento(ContaServiceTest.java:72)
Typically, stubbing argument mismatch indicates user mistake when writing tests.
Mockito fails early so that you can debug potential problem easily.
However, there are legit scenarios when this exception generates false negative signal:
  - stubbing the same method multiple times using 'given().will()' or 'when().then()' API
    Please use 'will().given()' or 'doReturn().when()' API for stubbing.
  - stubbed method is intentionally invoked with different arguments by code under test
    Please use default or 'silent' JUnit Rule (equivalent of Strictness.LENIENT).
For more information see javadoc for PotentialStubbingProblem class.>
	at org.junit.jupiter.api.AssertionFailureBuilder.build(AssertionFailureBuilder.java:151)
	at org.junit.jupiter.api.AssertionFailureBuilder.buildAndThrow(AssertionFailureBuilder.java:132)
	at org.junit.jupiter.api.AssertEquals.failNotEqual(AssertEquals.java:197)
	at org.junit.jupiter.api.AssertEquals.assertEquals(AssertEquals.java:182)
	at org.junit.jupiter.api.AssertEquals.assertEquals(AssertEquals.java:177)
	at org.junit.jupiter.api.Assertions.assertEquals(Assertions.java:1145)
	at br.com.jtigik.service.ContaServiceTest.naoDeveManterContaSemEvento(ContaServiceTest.java:80)
	at java.base/java.lang.reflect.Method.invoke(Method.java:580)
	at java.base/java.util.ArrayList.forEach(ArrayList.java:1597)
	at java.base/java.util.ArrayList.forEach(ArrayList.java:1597)
]]></failure>
  </testcase>
</testsuite>